<?xml version="1.0" encoding="UTF-8"?>
<!-- Generated by org.testng.reporters.JUnitReportReporter -->
<testsuite skipped="1" hostname="LAPTOP-079JD6AL" name="TestNG.ignoretest" tests="4" failures="0" timestamp="01 Aug 2019 14:54:14 GMT" time="0.012" errors="0">
  <testcase name="f4" time="0.001" classname="TestNG.ignoretest"/>
  <testcase name="f3" time="0.001" classname="TestNG.ignoretest"/>
  <testcase name="f1" time="0.010" classname="TestNG.ignoretest"/>
  <testcase name="f2" classname="TestNG.ignoretest">
    <skipped/>
  </testcase> <!-- f2 -->
</testsuite> <!-- TestNG.ignoretest -->
