<?xml version="1.0" encoding="UTF-8"?>
<!-- Generated by org.testng.reporters.JUnitReportReporter -->
<testsuite skipped="0" hostname="LAPTOP-079JD6AL" name="TestNG.GroupsDemo" tests="6" failures="0" timestamp="31 Jul 2019 10:43:36 GMT" time="0.012" errors="0">
  <testcase name="Test5" time="0.001" classname="TestNG.GroupsDemo"/>
  <testcase name="Test3" time="0.001" classname="TestNG.GroupsDemo"/>
  <testcase name="Test4" time="0.001" classname="TestNG.GroupsDemo"/>
  <testcase name="Test1" time="0.007" classname="TestNG.GroupsDemo"/>
  <testcase name="Test2" time="0.001" classname="TestNG.GroupsDemo"/>
  <testcase name="Test6" time="0.001" classname="TestNG.GroupsDemo"/>
</testsuite> <!-- TestNG.GroupsDemo -->
