<?xml version="1.0" encoding="UTF-8"?>
<!-- Generated by org.testng.reporters.JUnitReportReporter -->
<testsuite skipped="0" hostname="LAPTOP-079JD6AL" name="TestNG.Assertions" tests="1" failures="0" timestamp="01 Aug 2019 16:06:33 GMT" time="12.316" errors="0">
  <testcase name="googletitle" time="12.316" classname="TestNG.Assertions"/>
</testsuite> <!-- TestNG.Assertions -->
