<?xml version="1.0" encoding="UTF-8"?>
<!-- Generated by org.testng.reporters.JUnitReportReporter -->
<testsuite skipped="0" hostname="LAPTOP-079JD6AL" name="TestNG.InvocationCount" tests="1" failures="0" timestamp="01 Aug 2019 15:07:17 GMT" time="0.018" errors="0">
  <testcase name="sum" time="0.018" classname="TestNG.InvocationCount"/>
</testsuite> <!-- TestNG.InvocationCount -->
