<?xml version="1.0" encoding="UTF-8"?>
<!-- Generated by org.testng.reporters.JUnitReportReporter -->
<testsuite skipped="0" hostname="LAPTOP-079JD6AL" name="TestNG.NewTest" tests="2" failures="0" timestamp="27 Jul 2019 15:44:45 GMT" time="25.444" errors="0">
  <testcase name="checkbox" time="11.494" classname="TestNG.NewTest"/>
  <testcase name="f" time="13.950" classname="TestNG.NewTest"/>
</testsuite> <!-- TestNG.NewTest -->
