<?xml version="1.0" encoding="UTF-8"?>
<!-- Generated by org.testng.reporters.JUnitReportReporter -->
<testsuite skipped="0" hostname="LAPTOP-079JD6AL" name="TestNG.NewTestRealtime" tests="3" failures="0" timestamp="29 Jul 2019 15:53:19 GMT" time="19.682" errors="0">
  <testcase name="f1" time="4.384" classname="TestNG.NewTestRealtime"/>
  <testcase name="f2" time="7.859" classname="TestNG.NewTestRealtime"/>
  <testcase name="f3" time="7.439" classname="TestNG.NewTestRealtime"/>
</testsuite> <!-- TestNG.NewTestRealtime -->
