<?xml version="1.0" encoding="UTF-8"?>
<!-- Generated by org.testng.reporters.JUnitReportReporter -->
<testsuite skipped="0" hostname="LAPTOP-079JD6AL" name="TestNG.Exceptionhandling" tests="1" failures="0" timestamp="01 Aug 2019 15:41:23 GMT" time="0.012" errors="0">
  <testcase name="f" time="0.012" classname="TestNG.Exceptionhandling"/>
</testsuite> <!-- TestNG.Exceptionhandling -->
